0 info it worked if it ends with ok
1 verbose cli [ '/usr/bin/node', '/usr/bin/npm', 'install', 'nodejs-legacy' ]
2 info using npm@1.4.28
3 info using node@v0.10.38
4 verbose node symlink /usr/bin/node
5 warn package.json spaza-app@0.0.0 No description
6 warn package.json spaza-app@0.0.0 No repository field.
7 warn package.json spaza-app@0.0.0 No README data
8 warn package.json nodejs@0.0.0 No description
9 warn package.json nodejs@0.0.0 No repository field.
10 warn package.json nodejs@0.0.0 No README data
11 verbose readDependencies using package.json deps
12 verbose cache add [ 'nodejs-legacy', null ]
13 verbose cache add name=undefined spec="nodejs-legacy" args=["nodejs-legacy",null]
14 verbose parsed url { protocol: null,
14 verbose parsed url   slashes: null,
14 verbose parsed url   auth: null,
14 verbose parsed url   host: null,
14 verbose parsed url   port: null,
14 verbose parsed url   hostname: null,
14 verbose parsed url   hash: null,
14 verbose parsed url   search: null,
14 verbose parsed url   query: null,
14 verbose parsed url   pathname: 'nodejs-legacy',
14 verbose parsed url   path: 'nodejs-legacy',
14 verbose parsed url   href: 'nodejs-legacy' }
15 silly lockFile 4f44b85d-nodejs-legacy nodejs-legacy
16 verbose lock nodejs-legacy /home/sihle/.npm/4f44b85d-nodejs-legacy.lock
17 silly lockFile 4f44b85d-nodejs-legacy nodejs-legacy
18 silly lockFile 4f44b85d-nodejs-legacy nodejs-legacy
19 verbose addNamed [ 'nodejs-legacy', '' ]
20 verbose addNamed [ null, '*' ]
21 silly lockFile 153b0423-nodejs-legacy nodejs-legacy@
22 verbose lock nodejs-legacy@ /home/sihle/.npm/153b0423-nodejs-legacy.lock
23 silly addNameRange { name: 'nodejs-legacy', range: '*', hasData: false }
24 verbose request where is /nodejs-legacy
25 verbose request registry https://registry.npmjs.org/
26 verbose request id 79ed10b66c4aa3a9
27 verbose url raw /nodejs-legacy
28 verbose url resolving [ 'https://registry.npmjs.org/', './nodejs-legacy' ]
29 verbose url resolved https://registry.npmjs.org/nodejs-legacy
30 verbose request where is https://registry.npmjs.org/nodejs-legacy
31 info trying registry request attempt 1 at 19:28:29
32 http GET https://registry.npmjs.org/nodejs-legacy
33 http 404 https://registry.npmjs.org/nodejs-legacy
34 verbose headers { server: 'CouchDB/1.5.0 (Erlang OTP/R16B03)',
34 verbose headers   'content-type': 'application/json',
34 verbose headers   'cache-control': 'max-age=0',
34 verbose headers   'content-length': '51',
34 verbose headers   'accept-ranges': 'bytes',
34 verbose headers   date: 'Tue, 09 Jun 2015 17:28:31 GMT',
34 verbose headers   via: '1.1 varnish',
34 verbose headers   age: '0',
34 verbose headers   connection: 'keep-alive',
34 verbose headers   'x-served-by': 'cache-lcy1134-LCY',
34 verbose headers   'x-cache': 'MISS',
34 verbose headers   'x-cache-hits': '0',
34 verbose headers   'x-timer': 'S1433870910.022318,VS0,VE1069' }
35 silly registry.get cb [ 404,
35 silly registry.get   { server: 'CouchDB/1.5.0 (Erlang OTP/R16B03)',
35 silly registry.get     'content-type': 'application/json',
35 silly registry.get     'cache-control': 'max-age=0',
35 silly registry.get     'content-length': '51',
35 silly registry.get     'accept-ranges': 'bytes',
35 silly registry.get     date: 'Tue, 09 Jun 2015 17:28:31 GMT',
35 silly registry.get     via: '1.1 varnish',
35 silly registry.get     age: '0',
35 silly registry.get     connection: 'keep-alive',
35 silly registry.get     'x-served-by': 'cache-lcy1134-LCY',
35 silly registry.get     'x-cache': 'MISS',
35 silly registry.get     'x-cache-hits': '0',
35 silly registry.get     'x-timer': 'S1433870910.022318,VS0,VE1069' } ]
36 silly lockFile 153b0423-nodejs-legacy nodejs-legacy@
37 silly lockFile 153b0423-nodejs-legacy nodejs-legacy@
38 error 404 404 Not Found: nodejs-legacy
38 error 404
38 error 404 'nodejs-legacy' is not in the npm registry.
38 error 404 You should bug the author to publish it
38 error 404 It was specified as a dependency of 'spaza-app'
38 error 404
38 error 404 Note that you can also install from a
38 error 404 tarball, folder, or http url, or git url.
39 error System Linux 3.13.0-53-generic
40 error command "/usr/bin/node" "/usr/bin/npm" "install" "nodejs-legacy"
41 error cwd /home/sihle/Desktop/spaza-app
42 error node -v v0.10.38
43 error npm -v 1.4.28
44 error code E404
45 verbose exit [ 1, true ]
